<?xml version="1.0" encoding="UTF-8"?>
<testng-results skipped="0" failed="0" ignored="0" total="2" passed="2">
  <reporter-output>
  </reporter-output>
  <suite name="Default suite" duration-ms="71" started-at="2019-06-04T23:43:49Z" finished-at="2019-06-04T23:43:49Z">
    <groups>
    </groups>
    <test name="Default test" duration-ms="71" started-at="2019-06-04T23:43:49Z" finished-at="2019-06-04T23:43:49Z">
      <class name="Com.Test.SecondLargestTest">
        <test-method status="PASS" signature="before()[pri:0, instance:Com.Test.SecondLargestTest@51efea79]" name="before" is-config="true" duration-ms="20" started-at="2019-06-04T23:43:49Z" finished-at="2019-06-04T23:43:49Z">
          <reporter-output>
          </reporter-output>
        </test-method> <!-- before -->
        <test-method status="PASS" signature="test1()[pri:0, instance:Com.Test.SecondLargestTest@51efea79]" name="test1" duration-ms="9" started-at="2019-06-04T23:43:49Z" finished-at="2019-06-04T23:43:49Z">
          <reporter-output>
          </reporter-output>
        </test-method> <!-- test1 -->
        <test-method status="PASS" signature="test2()[pri:0, instance:Com.Test.SecondLargestTest@51efea79]" name="test2" duration-ms="3" started-at="2019-06-04T23:43:49Z" finished-at="2019-06-04T23:43:49Z">
          <reporter-output>
          </reporter-output>
        </test-method> <!-- test2 -->
        <test-method status="PASS" signature="set()[pri:0, instance:Com.Test.SecondLargestTest@51efea79]" name="set" is-config="true" duration-ms="1" started-at="2019-06-04T23:43:49Z" finished-at="2019-06-04T23:43:49Z">
          <reporter-output>
          </reporter-output>
        </test-method> <!-- set -->
        <test-method status="PASS" signature="tearDown()[pri:0, instance:Com.Test.SecondLargestTest@51efea79]" name="tearDown" is-config="true" duration-ms="1" started-at="2019-06-04T23:43:49Z" finished-at="2019-06-04T23:43:49Z">
          <reporter-output>
          </reporter-output>
        </test-method> <!-- tearDown -->
      </class> <!-- Com.Test.SecondLargestTest -->
    </test> <!-- Default test -->
  </suite> <!-- Default suite -->
</testng-results>
